<?xml version="1.0" encoding="UTF-8"?>
<!-- Generated by org.testng.reporters.JUnitXMLReporter -->
<testsuite hostname="Devs-MacBook-Pro.local" ignored="0" name="Command line test" tests="5" failures="0" timestamp="28 Sep 2017 12:23:14 GMT" time="16.455" errors="0">
  <testcase name="@BeforeClass beforeClass" time="0.0" classname="TCS.expedia.TestNG_TestSuite">
    <failure type="org.openqa.selenium.WebDriverException" message="Failed to decode response from marionette
Build info: version: &amp;apos;3.4.0&amp;apos;, revision: &amp;apos;unknown&amp;apos;, time: &amp;apos;unknown&amp;apos;
System info: host: &amp;apos;Devs-MacBook-Pro.local&amp;apos;, ip: &amp;apos;fe80:0:0:0:44a:b604:e39e:3fa1%en0&amp;apos;, os.name: &amp;apos;Mac OS X&amp;apos;, os.arch: &amp;apos;x86_64&amp;apos;, os.version: &amp;apos;10.12.2&amp;apos;, java.version: &amp;apos;1.8.0_121&amp;apos;
Driver info: org.openqa.selenium.firefox.FirefoxDriver
Capabilities [{moz:profile=/var/folders/80/817j3x9n32gf2h64ysz0l_s00000gn/T/rust_mozprofile.LP0ApCHG79G0, rotatable=false, timeouts={implicit=0.0, pageLoad=300000.0, script=30000.0}, pageLoadStrategy=normal, platform=ANY, specificationLevel=0.0, moz:accessibilityChecks=false, acceptInsecureCerts=false, browserVersion=55.0.3, platformVersion=16.3.0, moz:processID=49891.0, browserName=firefox, javascriptEnabled=true, platformName=darwin}]
Session ID: 9b3b59b0-2b1f-8642-8389-44a2e5aaed09">
      <![CDATA[org.openqa.selenium.WebDriverException: Failed to decode response from marionette
Build info: version: '3.4.0', revision: 'unknown', time: 'unknown'
System info: host: 'Devs-MacBook-Pro.local', ip: 'fe80:0:0:0:44a:b604:e39e:3fa1%en0', os.name: 'Mac OS X', os.arch: 'x86_64', os.version: '10.12.2', java.version: '1.8.0_121'
Driver info: org.openqa.selenium.firefox.FirefoxDriver
Capabilities [{moz:profile=/var/folders/80/817j3x9n32gf2h64ysz0l_s00000gn/T/rust_mozprofile.LP0ApCHG79G0, rotatable=false, timeouts={implicit=0.0, pageLoad=300000.0, script=30000.0}, pageLoadStrategy=normal, platform=ANY, specificationLevel=0.0, moz:accessibilityChecks=false, acceptInsecureCerts=false, browserVersion=55.0.3, platformVersion=16.3.0, moz:processID=49891.0, browserName=firefox, javascriptEnabled=true, platformName=darwin}]
Session ID: 9b3b59b0-2b1f-8642-8389-44a2e5aaed09
	at org.openqa.selenium.remote.http.W3CHttpResponseCodec.createException(W3CHttpResponseCodec.java:150)
	at org.openqa.selenium.remote.http.W3CHttpResponseCodec.decode(W3CHttpResponseCodec.java:115)
	at org.openqa.selenium.remote.http.W3CHttpResponseCodec.decode(W3CHttpResponseCodec.java:45)
	at org.openqa.selenium.remote.HttpCommandExecutor.execute(HttpCommandExecutor.java:164)
	at org.openqa.selenium.remote.service.DriverCommandExecutor.execute(DriverCommandExecutor.java:82)
	at org.openqa.selenium.remote.RemoteWebDriver.execute(RemoteWebDriver.java:637)
	at org.openqa.selenium.remote.RemoteWebDriver.get(RemoteWebDriver.java:364)
	at TCS.expedia.TestNG_TestSuite.beforeClass(TestNG_TestSuite.java:22)
... Removed 39 stack frames]]>
    </failure>
  </testcase> <!-- @BeforeClass beforeClass -->
  <testcase name="@AfterClass afterClass" time="0.0" classname="TCS.expedia.TestNG_TestSuite">
    <skipped/>
  </testcase> <!-- @AfterClass afterClass -->
  <testcase name="testAudiA6" time="0.001" classname="TCS.expedia.TestNG_Grouping"/>
  <testcase name="testBMWX6" time="0.0" classname="TCS.expedia.TestNG_Grouping"/>
  <testcase name="testHondaCBR" time="0.0" classname="TCS.expedia.TestNG_Grouping"/>
  <testcase name="testNinja" time="0.0" classname="TCS.expedia.TestNG_Grouping"/>
  <testcase name="f" time="0.0" classname="TCS.expedia.TestNG_TestSuite">
    <skipped/>
  </testcase> <!-- f -->
</testsuite> <!-- Command line test -->
