<?xml version="1.0" encoding="UTF-8"?>
<!-- Generated by org.testng.reporters.JUnitXMLReporter -->
<testsuite hostname="Devs-MacBook-Pro.local" ignored="0" name="FirefoxTest" tests="1" failures="0" timestamp="02 May 2017 13:33:21 GMT" time="0.01" errors="0">
  <testcase name="@BeforeClass beforeClass" time="0.0" classname="testpackage.TestNG_MultibrowserAndParallelTests">
    <failure type="org.testng.TestNGException" message="
Parameter &amp;apos;browserType&amp;apos; is required by BeforeClass on method beforeClass but has not been marked @Optional or defined
in /Users/devkumar/Documents/workspace/seleniumpractice/TestNG2.xml">
      <![CDATA[org.testng.TestNGException: 
Parameter 'browserType' is required by BeforeClass on method beforeClass but has not been marked @Optional or defined
in /Users/devkumar/Documents/workspace/seleniumpractice/TestNG2.xml
... Removed 22 stack frames]]>
    </failure>
  </testcase> <!-- @BeforeClass beforeClass -->
  <testcase name="@AfterClass afterClass" time="0.0" classname="testpackage.TestNG_MultibrowserAndParallelTests">
    <skipped/>
  </testcase> <!-- @AfterClass afterClass -->
  <testcase name="searchFlights" time="0.0" classname="testpackage.TestNG_MultibrowserAndParallelTests">
    <skipped/>
  </testcase> <!-- searchFlights -->
</testsuite> <!-- FirefoxTest -->
