-------------------------------------------------------------------------------
Test set: TCS.expedia.TestNG_TestSuite
-------------------------------------------------------------------------------
Tests run: 1, Failures: 1, Errors: 0, Skipped: 0, Time elapsed: 21.586 sec <<< FAILURE!
f(TCS.expedia.TestNG_TestSuite)  Time elapsed: 0.019 sec  <<< FAILURE!
java.lang.NullPointerException
	at TCS.expedia.TestNG_TestSuite.f(TestNG_TestSuite.java:28)

